<?xml version="1.0" encoding="UTF-8"?>
<!-- Generated by org.testng.reporters.JUnitReportReporter -->
<testsuite hostname="LAPTOP-1OEARIOF" failures="0" tests="4" name="test.BookTest" time="7.511" errors="0" timestamp="27 Feb 2022 09:15:04 GMT" skipped="1">
  <testcase classname="test.BookTest" name="f" time="1.584"/>
  <testcase classname="test.BookTest" name="f" time="1.440"/>
  <testcase classname="test.BookTest" name="f" time="4.487"/>
  <testcase classname="test.BookTest" name="f2">
    <skipped/>
  </testcase> <!-- f2 -->
</testsuite> <!-- test.BookTest -->
